c:\users\merlotliu\merlotliu.notes\coding-notes\codingnotes\linklist\debug\vc141.pdb
c:\users\merlotliu\merlotliu.notes\coding-notes\codingnotes\linklist\debug\vc141.idb
c:\users\merlotliu\merlotliu.notes\coding-notes\codingnotes\linklist\debug\test.obj
c:\users\merlotliu\merlotliu.notes\coding-notes\codingnotes\linklist\debug\linkedlist.obj
c:\users\merlotliu\merlotliu.notes\coding-notes\codingnotes\linklist\debug\code02_print_common_part.obj
c:\users\danie\merlotliu.github\merlotliu.notes\coding-notes\codingnotes\linklist\debug\code02_print_common_part.obj
c:\users\danie\merlotliu.github\merlotliu.notes\coding-notes\codingnotes\linklist\debug\linkedlist.obj
c:\users\danie\merlotliu.github\merlotliu.notes\coding-notes\codingnotes\linklist\debug\test.obj
c:\users\danie\merlotliu.github\merlotliu.notes\coding-notes\codingnotes\linklist\debug\vc141.idb
c:\users\danie\merlotliu.github\merlotliu.notes\coding-notes\codingnotes\linklist\debug\vc141.pdb
c:\users\danie\merlotliu.github\merlotliu.notes\coding-notes\codingnotes\debug\linkedlist.pdb
c:\users\danie\merlotliu.github\merlotliu.notes\coding-notes\codingnotes\linklist\debug\linkedlist.tlog\cl.command.1.tlog
c:\users\danie\merlotliu.github\merlotliu.notes\coding-notes\codingnotes\linklist\debug\linkedlist.tlog\cl.read.1.tlog
c:\users\danie\merlotliu.github\merlotliu.notes\coding-notes\codingnotes\linklist\debug\linkedlist.tlog\cl.write.1.tlog
c:\users\danie\merlotliu.github\merlotliu.notes\coding-notes\codingnotes\linklist\debug\linkedlist.tlog\link-cvtres.read.1.tlog
c:\users\danie\merlotliu.github\merlotliu.notes\coding-notes\codingnotes\linklist\debug\linkedlist.tlog\link-cvtres.write.1.tlog
c:\users\danie\merlotliu.github\merlotliu.notes\coding-notes\codingnotes\linklist\debug\linkedlist.tlog\link-rc.read.1.tlog
c:\users\danie\merlotliu.github\merlotliu.notes\coding-notes\codingnotes\linklist\debug\linkedlist.tlog\link-rc.write.1.tlog
c:\users\danie\merlotliu.github\merlotliu.notes\coding-notes\codingnotes\linklist\debug\linkedlist.tlog\link.command.1.tlog
c:\users\danie\merlotliu.github\merlotliu.notes\coding-notes\codingnotes\linklist\debug\linkedlist.tlog\link.read.1.tlog
c:\users\danie\merlotliu.github\merlotliu.notes\coding-notes\codingnotes\linklist\debug\linkedlist.tlog\link.write.1.tlog
