c:\users\merlotliu\merlotliu.notes\coding-notes\codingnotes\sort\debug\vc141.pdb
c:\users\merlotliu\merlotliu.notes\coding-notes\codingnotes\sort\debug\vc141.idb
c:\users\merlotliu\merlotliu.notes\coding-notes\codingnotes\sort\debug\test.obj
c:\users\merlotliu\merlotliu.notes\coding-notes\codingnotes\sort\debug\code11_heap_sort.obj
c:\users\merlotliu\merlotliu.notes\coding-notes\codingnotes\debug\sort.ilk
c:\users\merlotliu\merlotliu.notes\coding-notes\codingnotes\debug\sort.exe
c:\users\merlotliu\merlotliu.notes\coding-notes\codingnotes\debug\sort.pdb
c:\users\danie\merlotliu.github\merlotliu.notes\coding-notes\codingnotes\sort\debug\code11_heap_sort.obj
c:\users\danie\merlotliu.github\merlotliu.notes\coding-notes\codingnotes\sort\debug\test.obj
c:\users\danie\merlotliu.github\merlotliu.notes\coding-notes\codingnotes\sort\debug\vc141.idb
c:\users\danie\merlotliu.github\merlotliu.notes\coding-notes\codingnotes\sort\debug\vc141.pdb
c:\users\danie\merlotliu.github\merlotliu.notes\coding-notes\codingnotes\debug\sort.pdb
c:\users\danie\merlotliu.github\merlotliu.notes\coding-notes\codingnotes\debug\sort.exe
c:\users\danie\merlotliu.github\merlotliu.notes\coding-notes\codingnotes\debug\sort.ilk
c:\users\danie\merlotliu.github\merlotliu.notes\coding-notes\codingnotes\sort\debug\sort.tlog\cl.command.1.tlog
c:\users\danie\merlotliu.github\merlotliu.notes\coding-notes\codingnotes\sort\debug\sort.tlog\cl.read.1.tlog
c:\users\danie\merlotliu.github\merlotliu.notes\coding-notes\codingnotes\sort\debug\sort.tlog\cl.write.1.tlog
c:\users\danie\merlotliu.github\merlotliu.notes\coding-notes\codingnotes\sort\debug\sort.tlog\link.command.1.tlog
c:\users\danie\merlotliu.github\merlotliu.notes\coding-notes\codingnotes\sort\debug\sort.tlog\link.read.1.tlog
c:\users\danie\merlotliu.github\merlotliu.notes\coding-notes\codingnotes\sort\debug\sort.tlog\link.write.1.tlog
